<?xml version="1.0" encoding="UTF-8"?>
<robot generator="Robot 4.1.3 (Python 3.10.1 on win32)" generated="20220325 20:24:56.745" rpa="false" schemaversion="2">
<suite id="s1" name="Trabalhe Conosco" source="C:\Users\galodoido\Desktop\formação teste\JOB CAMP\robot\Specs\trabalhe_conosco.robot">
<kw name="Open Browser" library="SeleniumLibrary" type="SETUP">
<arg>about:blank</arg>
<arg>chrome</arg>
<doc>Opens a new browser instance to the optional ``url``.</doc>
<msg timestamp="20220325 20:24:56.948" level="INFO">Opening browser 'chrome' to base url 'about:blank'.</msg>
<status status="PASS" starttime="20220325 20:24:56.948" endtime="20220325 20:24:58.744"/>
</kw>
<test id="s1-t1" name="Test">
<kw name="Go To" library="SeleniumLibrary">
<arg>${URL}</arg>
<doc>Navigates the current browser window to the provided ``url``.</doc>
<msg timestamp="20220325 20:24:58.746" level="INFO">Opening url 'https://www.primecontrol.com.br/trabalhe-conosco/'</msg>
<status status="PASS" starttime="20220325 20:24:58.745" endtime="20220325 20:25:02.826"/>
</kw>
<kw name="Click Element" library="SeleniumLibrary">
<arg>${trabalheConosco.btnAccept}</arg>
<doc>Click the element identified by ``locator``.</doc>
<msg timestamp="20220325 20:25:02.828" level="FAIL">Resolving variable '${trabalheConosco.btnAccept}' failed: Variable '${trabalheConosco}' not found.</msg>
<status status="FAIL" starttime="20220325 20:25:02.827" endtime="20220325 20:25:02.828"/>
</kw>
<kw name="Click Element" library="SeleniumLibrary">
<arg>${trabalheConosco.btnCadastrarCurriculo}</arg>
<doc>Click the element identified by ``locator``.</doc>
<status status="NOT RUN" starttime="20220325 20:25:02.829" endtime="20220325 20:25:02.829"/>
</kw>
<kw name="Switch Window New">
<status status="NOT RUN" starttime="20220325 20:25:02.832" endtime="20220325 20:25:02.832"/>
</kw>
<kw name="Input Text" library="SeleniumLibrary">
<arg>${trabalheConosco.nome}</arg>
<arg>${preencheCampos.nome}</arg>
<doc>Types the given ``text`` into the text field identified by ``locator``.</doc>
<status status="NOT RUN" starttime="20220325 20:25:02.833" endtime="20220325 20:25:02.833"/>
</kw>
<kw name="Input Text" library="SeleniumLibrary">
<arg>${trabalheConosco.cargo}</arg>
<arg>${preencheCampos.cargo}</arg>
<doc>Types the given ``text`` into the text field identified by ``locator``.</doc>
<status status="NOT RUN" starttime="20220325 20:25:02.834" endtime="20220325 20:25:02.834"/>
</kw>
<kw name="Input Text" library="SeleniumLibrary">
<arg>${trabalheConosco.salario}</arg>
<arg>${preencheCampos.salario}</arg>
<doc>Types the given ``text`` into the text field identified by ``locator``.</doc>
<status status="NOT RUN" starttime="20220325 20:25:02.835" endtime="20220325 20:25:02.835"/>
</kw>
<kw name="Input Text" library="SeleniumLibrary">
<arg>${trabalheConosco.email}</arg>
<arg>${preencheCampos.email}</arg>
<doc>Types the given ``text`` into the text field identified by ``locator``.</doc>
<status status="NOT RUN" starttime="20220325 20:25:02.835" endtime="20220325 20:25:02.835"/>
</kw>
<kw name="Input Text" library="SeleniumLibrary">
<arg>${trabalheConosco.telefone}</arg>
<arg>${preencheCampos.telefone}</arg>
<doc>Types the given ``text`` into the text field identified by ``locator``.</doc>
<status status="NOT RUN" starttime="20220325 20:25:02.836" endtime="20220325 20:25:02.836"/>
</kw>
<kw name="Select From List By Value" library="SeleniumLibrary">
<arg>${trabalheConosco.cmbPais}</arg>
<arg>${preencheCampos.cmbPais}</arg>
<doc>Selects options from selection list ``locator`` by ``values``.</doc>
<status status="NOT RUN" starttime="20220325 20:25:02.837" endtime="20220325 20:25:02.837"/>
</kw>
<kw name="Input Text" library="SeleniumLibrary">
<arg>${trabalheConosco.estado}</arg>
<arg>${preencheCampos.estado}</arg>
<doc>Types the given ``text`` into the text field identified by ``locator``.</doc>
<status status="NOT RUN" starttime="20220325 20:25:02.837" endtime="20220325 20:25:02.837"/>
</kw>
<kw name="Input Text" library="SeleniumLibrary">
<arg>${trabalheConosco.cidade}</arg>
<arg>${preencheCampos.cidade}</arg>
<doc>Types the given ``text`` into the text field identified by ``locator``.</doc>
<status status="NOT RUN" starttime="20220325 20:25:02.838" endtime="20220325 20:25:02.838"/>
</kw>
<kw name="Input Text" library="SeleniumLibrary">
<arg>${trabalheConosco.bairro}</arg>
<arg>${preencheCampos.bairro}</arg>
<doc>Types the given ``text`` into the text field identified by ``locator``.</doc>
<status status="NOT RUN" starttime="20220325 20:25:02.838" endtime="20220325 20:25:02.838"/>
</kw>
<kw name="Input Text" library="SeleniumLibrary">
<arg>${trabalheConosco.endeceo}</arg>
<arg>${preencheCampos.endereco}</arg>
<doc>Types the given ``text`` into the text field identified by ``locator``.</doc>
<status status="NOT RUN" starttime="20220325 20:25:02.838" endtime="20220325 20:25:02.839"/>
</kw>
<kw name="Input Text" library="SeleniumLibrary">
<arg>${trabalheConosco.cep}</arg>
<arg>${preencheCampos.cep}</arg>
<doc>Types the given ``text`` into the text field identified by ``locator``.</doc>
<status status="NOT RUN" starttime="20220325 20:25:02.839" endtime="20220325 20:25:02.839"/>
</kw>
<kw name="Input Text" library="SeleniumLibrary">
<arg>${trabalheConosco.resumo}</arg>
<arg>${preencheCampos.resumo}</arg>
<doc>Types the given ``text`` into the text field identified by ``locator``.</doc>
<status status="NOT RUN" starttime="20220325 20:25:02.839" endtime="20220325 20:25:02.839"/>
</kw>
<kw name="Choose File" library="SeleniumLibrary">
<arg>${trabalheConosco.curriculo}</arg>
<arg>${EXECDIR}/Curriculo.pdf</arg>
<doc>Inputs the ``file_path`` into the file input field ``locator``.</doc>
<status status="NOT RUN" starttime="20220325 20:25:02.840" endtime="20220325 20:25:02.840"/>
</kw>
<kw name="Wait Until Page Contains Curriculo.pdf 30">
<status status="NOT RUN" starttime="20220325 20:25:02.845" endtime="20220325 20:25:02.845"/>
</kw>
<kw name="Scroll Element Into View ${trabalheConosco.btnFinalizar}">
<status status="NOT RUN" starttime="20220325 20:25:02.848" endtime="20220325 20:25:02.848"/>
</kw>
<kw name="Click Element ${trabalheConosco.btnFinalizar}">
<status status="NOT RUN" starttime="20220325 20:25:02.853" endtime="20220325 20:25:02.853"/>
</kw>
<kw name="Wait Until Element Contains ${trabalheConosco.sucesso} ${preencheCampos.sucesso} 30">
<status status="NOT RUN" starttime="20220325 20:25:02.856" endtime="20220325 20:25:02.856"/>
</kw>
<status status="FAIL" starttime="20220325 20:24:58.745" endtime="20220325 20:25:02.857">Resolving variable '${trabalheConosco.btnAccept}' failed: Variable '${trabalheConosco}' not found.</status>
</test>
<kw name="Close Browser" library="SeleniumLibrary" type="TEARDOWN">
<doc>Closes the current browser.</doc>
<status status="PASS" starttime="20220325 20:25:02.859" endtime="20220325 20:25:04.979"/>
</kw>
<status status="FAIL" starttime="20220325 20:24:56.746" endtime="20220325 20:25:04.979"/>
</suite>
<statistics>
<total>
<stat pass="0" fail="1" skip="0">All Tests</stat>
</total>
<tag>
</tag>
<suite>
<stat pass="0" fail="1" skip="0" id="s1" name="Trabalhe Conosco">Trabalhe Conosco</stat>
</suite>
</statistics>
<errors>
<msg timestamp="20220325 20:24:56.946" level="ERROR">Error in file 'C:\Users\galodoido\Desktop\formação teste\JOB CAMP\robot\Specs\trabalhe_conosco.robot' on line 4: Resource file 'C:\Users\galodoido\Desktop\formação teste\JOB CAMP\robot\Specs\Pages\trabalhe_conosco.robot' does not exist.</msg>
</errors>
</robot>
